[2016-06-16 15:46:14] local.ERROR: exception 'ErrorException' with message 'file_put_contents(/bf3d96cf79bdcdc8f34257bd58423cab8facb165.php): failed to open stream: Permission denied' in /Applications/MAMP/htdocs/taha/ehda-b1/vendor/laravel/framework/src/Illuminate/Filesystem/Filesystem.php:109
Stack trace:
#0 [internal function]: Illuminate\Foundation\Bootstrap\HandleExceptions->handleError(2, 'file_put_conten...', '/Applications/M...', 109, Array)
#1 /Applications/MAMP/htdocs/taha/ehda-b1/vendor/laravel/framework/src/Illuminate/Filesystem/Filesystem.php(109): file_put_contents('/bf3d96cf79bdcd...', '<!DOCTYPE html>...', 0)
#2 /Applications/MAMP/htdocs/taha/ehda-b1/vendor/laravel/framework/src/Illuminate/View/Compilers/BladeCompiler.php(116): Illuminate\Filesystem\Filesystem->put('/bf3d96cf79bdcd...', '<!DOCTYPE html>...')
#3 /Applications/MAMP/htdocs/taha/ehda-b1/vendor/laravel/framework/src/Illuminate/View/Engines/CompilerEngine.php(51): Illuminate\View\Compilers\BladeCompiler->compile('/Applications/M...')
#4 /Applications/MAMP/htdocs/taha/ehda-b1/vendor/laravel/framework/src/Illuminate/View/View.php(149): Illuminate\View\Engines\CompilerEngine->get('/Applications/M...', Array)
#5 /Applications/MAMP/htdocs/taha/ehda-b1/vendor/laravel/framework/src/Illuminate/View/View.php(120): Illuminate\View\View->getContents()
#6 /Applications/MAMP/htdocs/taha/ehda-b1/vendor/laravel/framework/src/Illuminate/View/View.php(85): Illuminate\View\View->renderContents()
#7 /Applications/MAMP/htdocs/taha/ehda-b1/vendor/laravel/framework/src/Illuminate/Http/Response.php(53): Illuminate\View\View->render()
#8 /Applications/MAMP/htdocs/taha/ehda-b1/vendor/symfony/http-foundation/Response.php(201): Illuminate\Http\Response->setContent(Object(Illuminate\View\View))
#9 /Applications/MAMP/htdocs/taha/ehda-b1/vendor/laravel/framework/src/Illuminate/Routing/Router.php(1085): Symfony\Component\HttpFoundation\Response->__construct(Object(Illuminate\View\View))
#10 /Applications/MAMP/htdocs/taha/ehda-b1/vendor/laravel/framework/src/Illuminate/Routing/Router.php(725): Illuminate\Routing\Router->prepareResponse(Object(Illuminate\Http\Request), Object(Illuminate\View\View))
#11 [internal function]: Illuminate\Routing\Router->Illuminate\Routing\{closure}(Object(Illuminate\Http\Request))
#12 /Applications/MAMP/htdocs/taha/ehda-b1/vendor/laravel/framework/src/Illuminate/Routing/Pipeline.php(52): call_user_func(Object(Closure), Object(Illuminate\Http\Request))
#13 /Applications/MAMP/htdocs/taha/ehda-b1/vendor/laravel/framework/src/Illuminate/Foundation/Http/Middleware/VerifyCsrfToken.php(64): Illuminate\Routing\Pipeline->Illuminate\Routing\{closure}(Object(Illuminate\Http\Request))
#14 [internal function]: Illuminate\Foundation\Http\Middleware\VerifyCsrfToken->handle(Object(Illuminate\Http\Request), Object(Closure))
#15 /Applications/MAMP/htdocs/taha/ehda-b1/vendor/laravel/framework/src/Illuminate/Pipeline/Pipeline.php(136): call_user_func_array(Array, Array)
#16 [internal function]: Illuminate\Pipeline\Pipeline->Illuminate\Pipeline\{closure}(Object(Illuminate\Http\Request))
#17 /Applications/MAMP/htdocs/taha/ehda-b1/vendor/laravel/framework/src/Illuminate/Routing/Pipeline.php(32): call_user_func(Object(Closure), Object(Illuminate\Http\Request))
#18 /Applications/MAMP/htdocs/taha/ehda-b1/vendor/laravel/framework/src/Illuminate/View/Middleware/ShareErrorsFromSession.php(49): Illuminate\Routing\Pipeline->Illuminate\Routing\{closure}(Object(Illuminate\Http\Request))
#19 [internal function]: Illuminate\View\Middleware\ShareErrorsFromSession->handle(Object(Illuminate\Http\Request), Object(Closure))
#20 /Applications/MAMP/htdocs/taha/ehda-b1/vendor/laravel/framework/src/Illuminate/Pipeline/Pipeline.php(136): call_user_func_array(Array, Array)
#21 [internal function]: Illuminate\Pipeline\Pipeline->Illuminate\Pipeline\{closure}(Object(Illuminate\Http\Request))
#22 /Applications/MAMP/htdocs/taha/ehda-b1/vendor/laravel/framework/src/Illuminate/Routing/Pipeline.php(32): call_user_func(Object(Closure), Object(Illuminate\Http\Request))
#23 /Applications/MAMP/htdocs/taha/ehda-b1/vendor/laravel/framework/src/Illuminate/Session/Middleware/StartSession.php(62): Illuminate\Routing\Pipeline->Illuminate\Routing\{closure}(Object(Illuminate\Http\Request))
#24 [internal function]: Illuminate\Session\Middleware\StartSession->handle(Object(Illuminate\Http\Request), Object(Closure))
#25 /Applications/MAMP/htdocs/taha/ehda-b1/vendor/laravel/framework/src/Illuminate/Pipeline/Pipeline.php(136): call_user_func_array(Array, Array)
#26 [internal function]: Illuminate\Pipeline\Pipeline->Illuminate\Pipeline\{closure}(Object(Illuminate\Http\Request))
#27 /Applications/MAMP/htdocs/taha/ehda-b1/vendor/laravel/framework/src/Illuminate/Routing/Pipeline.php(32): call_user_func(Object(Closure), Object(Illuminate\Http\Request))
#28 /Applications/MAMP/htdocs/taha/ehda-b1/vendor/laravel/framework/src/Illuminate/Cookie/Middleware/AddQueuedCookiesToResponse.php(37): Illuminate\Routing\Pipeline->Illuminate\Routing\{closure}(Object(Illuminate\Http\Request))
#29 [internal function]: Illuminate\Cookie\Middleware\AddQueuedCookiesToResponse->handle(Object(Illuminate\Http\Request), Object(Closure))
#30 /Applications/MAMP/htdocs/taha/ehda-b1/vendor/laravel/framework/src/Illuminate/Pipeline/Pipeline.php(136): call_user_func_array(Array, Array)
#31 [internal function]: Illuminate\Pipeline\Pipeline->Illuminate\Pipeline\{closure}(Object(Illuminate\Http\Request))
#32 /Applications/MAMP/htdocs/taha/ehda-b1/vendor/laravel/framework/src/Illuminate/Routing/Pipeline.php(32): call_user_func(Object(Closure), Object(Illuminate\Http\Request))
#33 /Applications/MAMP/htdocs/taha/ehda-b1/vendor/laravel/framework/src/Illuminate/Cookie/Middleware/EncryptCookies.php(59): Illuminate\Routing\Pipeline->Illuminate\Routing\{closure}(Object(Illuminate\Http\Request))
#34 [internal function]: Illuminate\Cookie\Middleware\EncryptCookies->handle(Object(Illuminate\Http\Request), Object(Closure))
#35 /Applications/MAMP/htdocs/taha/ehda-b1/vendor/laravel/framework/src/Illuminate/Pipeline/Pipeline.php(136): call_user_func_array(Array, Array)
#36 [internal function]: Illuminate\Pipeline\Pipeline->Illuminate\Pipeline\{closure}(Object(Illuminate\Http\Request))
#37 /Applications/MAMP/htdocs/taha/ehda-b1/vendor/laravel/framework/src/Illuminate/Routing/Pipeline.php(32): call_user_func(Object(Closure), Object(Illuminate\Http\Request))
#38 [internal function]: Illuminate\Routing\Pipeline->Illuminate\Routing\{closure}(Object(Illuminate\Http\Request))
#39 /Applications/MAMP/htdocs/taha/ehda-b1/vendor/laravel/framework/src/Illuminate/Pipeline/Pipeline.php(103): call_user_func(Object(Closure), Object(Illuminate\Http\Request))
#40 /Applications/MAMP/htdocs/taha/ehda-b1/vendor/laravel/framework/src/Illuminate/Routing/Router.php(726): Illuminate\Pipeline\Pipeline->then(Object(Closure))
#41 /Applications/MAMP/htdocs/taha/ehda-b1/vendor/laravel/framework/src/Illuminate/Routing/Router.php(699): Illuminate\Routing\Router->runRouteWithinStack(Object(Illuminate\Routing\Route), Object(Illuminate\Http\Request))
#42 /Applications/MAMP/htdocs/taha/ehda-b1/vendor/laravel/framework/src/Illuminate/Routing/Router.php(675): Illuminate\Routing\Router->dispatchToRoute(Object(Illuminate\Http\Request))
#43 /Applications/MAMP/htdocs/taha/ehda-b1/vendor/laravel/framework/src/Illuminate/Foundation/Http/Kernel.php(246): Illuminate\Routing\Router->dispatch(Object(Illuminate\Http\Request))
#44 [internal function]: Illuminate\Foundation\Http\Kernel->Illuminate\Foundation\Http\{closure}(Object(Illuminate\Http\Request))
#45 /Applications/MAMP/htdocs/taha/ehda-b1/vendor/laravel/framework/src/Illuminate/Routing/Pipeline.php(52): call_user_func(Object(Closure), Object(Illuminate\Http\Request))
#46 /Applications/MAMP/htdocs/taha/ehda-b1/vendor/laravel/framework/src/Illuminate/Foundation/Http/Middleware/CheckForMaintenanceMode.php(44): Illuminate\Routing\Pipeline->Illuminate\Routing\{closure}(Object(Illuminate\Http\Request))
#47 [internal function]: Illuminate\Foundation\Http\Middleware\CheckForMaintenanceMode->handle(Object(Illuminate\Http\Request), Object(Closure))
#48 /Applications/MAMP/htdocs/taha/ehda-b1/vendor/laravel/framework/src/Illuminate/Pipeline/Pipeline.php(136): call_user_func_array(Array, Array)
#49 [internal function]: Illuminate\Pipeline\Pipeline->Illuminate\Pipeline\{closure}(Object(Illuminate\Http\Request))
#50 /Applications/MAMP/htdocs/taha/ehda-b1/vendor/laravel/framework/src/Illuminate/Routing/Pipeline.php(32): call_user_func(Object(Closure), Object(Illuminate\Http\Request))
#51 [internal function]: Illuminate\Routing\Pipeline->Illuminate\Routing\{closure}(Object(Illuminate\Http\Request))
#52 /Applications/MAMP/htdocs/taha/ehda-b1/vendor/laravel/framework/src/Illuminate/Pipeline/Pipeline.php(103): call_user_func(Object(Closure), Object(Illuminate\Http\Request))
#53 /Applications/MAMP/htdocs/taha/ehda-b1/vendor/laravel/framework/src/Illuminate/Foundation/Http/Kernel.php(132): Illuminate\Pipeline\Pipeline->then(Object(Closure))
#54 /Applications/MAMP/htdocs/taha/ehda-b1/vendor/laravel/framework/src/Illuminate/Foundation/Http/Kernel.php(99): Illuminate\Foundation\Http\Kernel->sendRequestThroughRouter(Object(Illuminate\Http\Request))
#55 /Applications/MAMP/htdocs/taha/ehda-b1/public/index.php(54): Illuminate\Foundation\Http\Kernel->handle(Object(Illuminate\Http\Request))
#56 /Applications/MAMP/htdocs/taha/ehda-b1/server.php(21): require_once('/Applications/M...')
#57 {main}  
[2016-06-16 15:46:14] local.ERROR: exception 'ErrorException' with message 'file_put_contents(/Applications/MAMP/htdocs/taha/ehda-b1/storage/framework/sessions/dfa502a8876a703e666b4d85d06288fc74770aab): failed to open stream: No such file or directory' in /Applications/MAMP/htdocs/taha/ehda-b1/vendor/laravel/framework/src/Illuminate/Filesystem/Filesystem.php:109
Stack trace:
#0 [internal function]: Illuminate\Foundation\Bootstrap\HandleExceptions->handleError(2, 'file_put_conten...', '/Applications/M...', 109, Array)
#1 /Applications/MAMP/htdocs/taha/ehda-b1/vendor/laravel/framework/src/Illuminate/Filesystem/Filesystem.php(109): file_put_contents('/Applications/M...', 'a:4:{s:6:"_toke...', 2)
#2 /Applications/MAMP/htdocs/taha/ehda-b1/vendor/laravel/framework/src/Illuminate/Session/FileSessionHandler.php(83): Illuminate\Filesystem\Filesystem->put('/Applications/M...', 'a:4:{s:6:"_toke...', true)
#3 /Applications/MAMP/htdocs/taha/ehda-b1/vendor/laravel/framework/src/Illuminate/Session/Store.php(262): Illuminate\Session\FileSessionHandler->write('dfa502a8876a703...', 'a:4:{s:6:"_toke...')
#4 /Applications/MAMP/htdocs/taha/ehda-b1/vendor/laravel/framework/src/Illuminate/Session/Middleware/StartSession.php(88): Illuminate\Session\Store->save()
#5 /Applications/MAMP/htdocs/taha/ehda-b1/vendor/laravel/framework/src/Illuminate/Foundation/Http/Kernel.php(155): Illuminate\Session\Middleware\StartSession->terminate(Object(Illuminate\Http\Request), Object(Illuminate\Http\Response))
#6 /Applications/MAMP/htdocs/taha/ehda-b1/public/index.php(58): Illuminate\Foundation\Http\Kernel->terminate(Object(Illuminate\Http\Request), Object(Illuminate\Http\Response))
#7 /Applications/MAMP/htdocs/taha/ehda-b1/server.php(21): require_once('/Applications/M...')
#8 {main}  
[2016-06-16 15:46:14] local.ERROR: exception 'ErrorException' with message 'file_put_contents(/bf3d96cf79bdcdc8f34257bd58423cab8facb165.php): failed to open stream: Permission denied' in /Applications/MAMP/htdocs/taha/ehda-b1/vendor/laravel/framework/src/Illuminate/Filesystem/Filesystem.php:109
Stack trace:
#0 [internal function]: Illuminate\Foundation\Bootstrap\HandleExceptions->handleError(2, 'file_put_conten...', '/Applications/M...', 109, Array)
#1 /Applications/MAMP/htdocs/taha/ehda-b1/vendor/laravel/framework/src/Illuminate/Filesystem/Filesystem.php(109): file_put_contents('/bf3d96cf79bdcd...', '<!DOCTYPE html>...', 0)
#2 /Applications/MAMP/htdocs/taha/ehda-b1/vendor/laravel/framework/src/Illuminate/View/Compilers/BladeCompiler.php(116): Illuminate\Filesystem\Filesystem->put('/bf3d96cf79bdcd...', '<!DOCTYPE html>...')
#3 /Applications/MAMP/htdocs/taha/ehda-b1/vendor/laravel/framework/src/Illuminate/View/Engines/CompilerEngine.php(51): Illuminate\View\Compilers\BladeCompiler->compile('/Applications/M...')
#4 /Applications/MAMP/htdocs/taha/ehda-b1/vendor/laravel/framework/src/Illuminate/View/View.php(149): Illuminate\View\Engines\CompilerEngine->get('/Applications/M...', Array)
#5 /Applications/MAMP/htdocs/taha/ehda-b1/vendor/laravel/framework/src/Illuminate/View/View.php(120): Illuminate\View\View->getContents()
#6 /Applications/MAMP/htdocs/taha/ehda-b1/vendor/laravel/framework/src/Illuminate/View/View.php(85): Illuminate\View\View->renderContents()
#7 /Applications/MAMP/htdocs/taha/ehda-b1/vendor/laravel/framework/src/Illuminate/Http/Response.php(53): Illuminate\View\View->render()
#8 /Applications/MAMP/htdocs/taha/ehda-b1/vendor/symfony/http-foundation/Response.php(201): Illuminate\Http\Response->setContent(Object(Illuminate\View\View))
#9 /Applications/MAMP/htdocs/taha/ehda-b1/vendor/laravel/framework/src/Illuminate/Routing/Router.php(1085): Symfony\Component\HttpFoundation\Response->__construct(Object(Illuminate\View\View))
#10 /Applications/MAMP/htdocs/taha/ehda-b1/vendor/laravel/framework/src/Illuminate/Routing/Router.php(725): Illuminate\Routing\Router->prepareResponse(Object(Illuminate\Http\Request), Object(Illuminate\View\View))
#11 [internal function]: Illuminate\Routing\Router->Illuminate\Routing\{closure}(Object(Illuminate\Http\Request))
#12 /Applications/MAMP/htdocs/taha/ehda-b1/vendor/laravel/framework/src/Illuminate/Routing/Pipeline.php(52): call_user_func(Object(Closure), Object(Illuminate\Http\Request))
#13 /Applications/MAMP/htdocs/taha/ehda-b1/vendor/laravel/framework/src/Illuminate/Foundation/Http/Middleware/VerifyCsrfToken.php(64): Illuminate\Routing\Pipeline->Illuminate\Routing\{closure}(Object(Illuminate\Http\Request))
#14 [internal function]: Illuminate\Foundation\Http\Middleware\VerifyCsrfToken->handle(Object(Illuminate\Http\Request), Object(Closure))
#15 /Applications/MAMP/htdocs/taha/ehda-b1/vendor/laravel/framework/src/Illuminate/Pipeline/Pipeline.php(136): call_user_func_array(Array, Array)
#16 [internal function]: Illuminate\Pipeline\Pipeline->Illuminate\Pipeline\{closure}(Object(Illuminate\Http\Request))
#17 /Applications/MAMP/htdocs/taha/ehda-b1/vendor/laravel/framework/src/Illuminate/Routing/Pipeline.php(32): call_user_func(Object(Closure), Object(Illuminate\Http\Request))
#18 /Applications/MAMP/htdocs/taha/ehda-b1/vendor/laravel/framework/src/Illuminate/View/Middleware/ShareErrorsFromSession.php(49): Illuminate\Routing\Pipeline->Illuminate\Routing\{closure}(Object(Illuminate\Http\Request))
#19 [internal function]: Illuminate\View\Middleware\ShareErrorsFromSession->handle(Object(Illuminate\Http\Request), Object(Closure))
#20 /Applications/MAMP/htdocs/taha/ehda-b1/vendor/laravel/framework/src/Illuminate/Pipeline/Pipeline.php(136): call_user_func_array(Array, Array)
#21 [internal function]: Illuminate\Pipeline\Pipeline->Illuminate\Pipeline\{closure}(Object(Illuminate\Http\Request))
#22 /Applications/MAMP/htdocs/taha/ehda-b1/vendor/laravel/framework/src/Illuminate/Routing/Pipeline.php(32): call_user_func(Object(Closure), Object(Illuminate\Http\Request))
#23 /Applications/MAMP/htdocs/taha/ehda-b1/vendor/laravel/framework/src/Illuminate/Session/Middleware/StartSession.php(62): Illuminate\Routing\Pipeline->Illuminate\Routing\{closure}(Object(Illuminate\Http\Request))
#24 [internal function]: Illuminate\Session\Middleware\StartSession->handle(Object(Illuminate\Http\Request), Object(Closure))
#25 /Applications/MAMP/htdocs/taha/ehda-b1/vendor/laravel/framework/src/Illuminate/Pipeline/Pipeline.php(136): call_user_func_array(Array, Array)
#26 [internal function]: Illuminate\Pipeline\Pipeline->Illuminate\Pipeline\{closure}(Object(Illuminate\Http\Request))
#27 /Applications/MAMP/htdocs/taha/ehda-b1/vendor/laravel/framework/src/Illuminate/Routing/Pipeline.php(32): call_user_func(Object(Closure), Object(Illuminate\Http\Request))
#28 /Applications/MAMP/htdocs/taha/ehda-b1/vendor/laravel/framework/src/Illuminate/Cookie/Middleware/AddQueuedCookiesToResponse.php(37): Illuminate\Routing\Pipeline->Illuminate\Routing\{closure}(Object(Illuminate\Http\Request))
#29 [internal function]: Illuminate\Cookie\Middleware\AddQueuedCookiesToResponse->handle(Object(Illuminate\Http\Request), Object(Closure))
#30 /Applications/MAMP/htdocs/taha/ehda-b1/vendor/laravel/framework/src/Illuminate/Pipeline/Pipeline.php(136): call_user_func_array(Array, Array)
#31 [internal function]: Illuminate\Pipeline\Pipeline->Illuminate\Pipeline\{closure}(Object(Illuminate\Http\Request))
#32 /Applications/MAMP/htdocs/taha/ehda-b1/vendor/laravel/framework/src/Illuminate/Routing/Pipeline.php(32): call_user_func(Object(Closure), Object(Illuminate\Http\Request))
#33 /Applications/MAMP/htdocs/taha/ehda-b1/vendor/laravel/framework/src/Illuminate/Cookie/Middleware/EncryptCookies.php(59): Illuminate\Routing\Pipeline->Illuminate\Routing\{closure}(Object(Illuminate\Http\Request))
#34 [internal function]: Illuminate\Cookie\Middleware\EncryptCookies->handle(Object(Illuminate\Http\Request), Object(Closure))
#35 /Applications/MAMP/htdocs/taha/ehda-b1/vendor/laravel/framework/src/Illuminate/Pipeline/Pipeline.php(136): call_user_func_array(Array, Array)
#36 [internal function]: Illuminate\Pipeline\Pipeline->Illuminate\Pipeline\{closure}(Object(Illuminate\Http\Request))
#37 /Applications/MAMP/htdocs/taha/ehda-b1/vendor/laravel/framework/src/Illuminate/Routing/Pipeline.php(32): call_user_func(Object(Closure), Object(Illuminate\Http\Request))
#38 [internal function]: Illuminate\Routing\Pipeline->Illuminate\Routing\{closure}(Object(Illuminate\Http\Request))
#39 /Applications/MAMP/htdocs/taha/ehda-b1/vendor/laravel/framework/src/Illuminate/Pipeline/Pipeline.php(103): call_user_func(Object(Closure), Object(Illuminate\Http\Request))
#40 /Applications/MAMP/htdocs/taha/ehda-b1/vendor/laravel/framework/src/Illuminate/Routing/Router.php(726): Illuminate\Pipeline\Pipeline->then(Object(Closure))
#41 /Applications/MAMP/htdocs/taha/ehda-b1/vendor/laravel/framework/src/Illuminate/Routing/Router.php(699): Illuminate\Routing\Router->runRouteWithinStack(Object(Illuminate\Routing\Route), Object(Illuminate\Http\Request))
#42 /Applications/MAMP/htdocs/taha/ehda-b1/vendor/laravel/framework/src/Illuminate/Routing/Router.php(675): Illuminate\Routing\Router->dispatchToRoute(Object(Illuminate\Http\Request))
#43 /Applications/MAMP/htdocs/taha/ehda-b1/vendor/laravel/framework/src/Illuminate/Foundation/Http/Kernel.php(246): Illuminate\Routing\Router->dispatch(Object(Illuminate\Http\Request))
#44 [internal function]: Illuminate\Foundation\Http\Kernel->Illuminate\Foundation\Http\{closure}(Object(Illuminate\Http\Request))
#45 /Applications/MAMP/htdocs/taha/ehda-b1/vendor/laravel/framework/src/Illuminate/Routing/Pipeline.php(52): call_user_func(Object(Closure), Object(Illuminate\Http\Request))
#46 /Applications/MAMP/htdocs/taha/ehda-b1/vendor/laravel/framework/src/Illuminate/Foundation/Http/Middleware/CheckForMaintenanceMode.php(44): Illuminate\Routing\Pipeline->Illuminate\Routing\{closure}(Object(Illuminate\Http\Request))
#47 [internal function]: Illuminate\Foundation\Http\Middleware\CheckForMaintenanceMode->handle(Object(Illuminate\Http\Request), Object(Closure))
#48 /Applications/MAMP/htdocs/taha/ehda-b1/vendor/laravel/framework/src/Illuminate/Pipeline/Pipeline.php(136): call_user_func_array(Array, Array)
#49 [internal function]: Illuminate\Pipeline\Pipeline->Illuminate\Pipeline\{closure}(Object(Illuminate\Http\Request))
#50 /Applications/MAMP/htdocs/taha/ehda-b1/vendor/laravel/framework/src/Illuminate/Routing/Pipeline.php(32): call_user_func(Object(Closure), Object(Illuminate\Http\Request))
#51 [internal function]: Illuminate\Routing\Pipeline->Illuminate\Routing\{closure}(Object(Illuminate\Http\Request))
#52 /Applications/MAMP/htdocs/taha/ehda-b1/vendor/laravel/framework/src/Illuminate/Pipeline/Pipeline.php(103): call_user_func(Object(Closure), Object(Illuminate\Http\Request))
#53 /Applications/MAMP/htdocs/taha/ehda-b1/vendor/laravel/framework/src/Illuminate/Foundation/Http/Kernel.php(132): Illuminate\Pipeline\Pipeline->then(Object(Closure))
#54 /Applications/MAMP/htdocs/taha/ehda-b1/vendor/laravel/framework/src/Illuminate/Foundation/Http/Kernel.php(99): Illuminate\Foundation\Http\Kernel->sendRequestThroughRouter(Object(Illuminate\Http\Request))
#55 /Applications/MAMP/htdocs/taha/ehda-b1/public/index.php(54): Illuminate\Foundation\Http\Kernel->handle(Object(Illuminate\Http\Request))
#56 /Applications/MAMP/htdocs/taha/ehda-b1/server.php(21): require_once('/Applications/M...')
#57 {main}  
[2016-06-16 15:46:14] local.ERROR: exception 'ErrorException' with message 'file_put_contents(/Applications/MAMP/htdocs/taha/ehda-b1/storage/framework/sessions/dfa502a8876a703e666b4d85d06288fc74770aab): failed to open stream: No such file or directory' in /Applications/MAMP/htdocs/taha/ehda-b1/vendor/laravel/framework/src/Illuminate/Filesystem/Filesystem.php:109
Stack trace:
#0 [internal function]: Illuminate\Foundation\Bootstrap\HandleExceptions->handleError(2, 'file_put_conten...', '/Applications/M...', 109, Array)
#1 /Applications/MAMP/htdocs/taha/ehda-b1/vendor/laravel/framework/src/Illuminate/Filesystem/Filesystem.php(109): file_put_contents('/Applications/M...', 'a:4:{s:6:"_toke...', 2)
#2 /Applications/MAMP/htdocs/taha/ehda-b1/vendor/laravel/framework/src/Illuminate/Session/FileSessionHandler.php(83): Illuminate\Filesystem\Filesystem->put('/Applications/M...', 'a:4:{s:6:"_toke...', true)
#3 /Applications/MAMP/htdocs/taha/ehda-b1/vendor/laravel/framework/src/Illuminate/Session/Store.php(262): Illuminate\Session\FileSessionHandler->write('dfa502a8876a703...', 'a:4:{s:6:"_toke...')
#4 /Applications/MAMP/htdocs/taha/ehda-b1/vendor/laravel/framework/src/Illuminate/Session/Middleware/StartSession.php(88): Illuminate\Session\Store->save()
#5 /Applications/MAMP/htdocs/taha/ehda-b1/vendor/laravel/framework/src/Illuminate/Foundation/Http/Kernel.php(155): Illuminate\Session\Middleware\StartSession->terminate(Object(Illuminate\Http\Request), Object(Illuminate\Http\Response))
#6 /Applications/MAMP/htdocs/taha/ehda-b1/public/index.php(58): Illuminate\Foundation\Http\Kernel->terminate(Object(Illuminate\Http\Request), Object(Illuminate\Http\Response))
#7 /Applications/MAMP/htdocs/taha/ehda-b1/server.php(21): require_once('/Applications/M...')
#8 {main}  
[2016-06-16 20:28:28] local.ERROR: exception 'Symfony\Component\Debug\Exception\FatalErrorException' with message 'Call to undefined method Illuminate\Foundation\Application::bindShared()' in /Applications/MAMP/htdocs/taha/ehda-b1/vendor/illuminate/html/HtmlServiceProvider.php:36
Stack trace:
#0 {main}  
[2016-06-16 20:28:44] local.ERROR: exception 'Symfony\Component\Debug\Exception\FatalErrorException' with message 'Call to undefined method Illuminate\Foundation\Application::bindShared()' in /Applications/MAMP/htdocs/taha/ehda-b1/vendor/illuminate/html/HtmlServiceProvider.php:36
Stack trace:
#0 {main}  
[2016-06-16 20:29:19] local.ERROR: exception 'Symfony\Component\Debug\Exception\FatalErrorException' with message 'Call to undefined method Illuminate\Foundation\Application::bindShared()' in /Applications/MAMP/htdocs/taha/ehda-b1/vendor/illuminate/html/HtmlServiceProvider.php:36
Stack trace:
#0 {main}  
[2016-06-16 20:29:33] local.ERROR: exception 'Symfony\Component\Debug\Exception\FatalErrorException' with message 'Call to undefined method Illuminate\Foundation\Application::bindShared()' in /Applications/MAMP/htdocs/taha/ehda-b1/vendor/illuminate/html/HtmlServiceProvider.php:36
Stack trace:
#0 {main}  
[2016-06-16 20:32:13] local.ERROR: exception 'Symfony\Component\Debug\Exception\FatalErrorException' with message 'Call to undefined method Illuminate\Foundation\Application::bindShared()' in /Applications/MAMP/htdocs/taha/ehda-b1/vendor/illuminate/html/HtmlServiceProvider.php:36
Stack trace:
#0 {main}  
[2016-06-16 20:32:36] local.ERROR: exception 'Symfony\Component\Debug\Exception\FatalErrorException' with message 'Call to undefined method Illuminate\Foundation\Application::bindShared()' in /Applications/MAMP/htdocs/taha/ehda-b1/vendor/illuminate/html/HtmlServiceProvider.php:36
Stack trace:
#0 {main}  
[2016-06-16 20:34:23] local.ERROR: exception 'Symfony\Component\Debug\Exception\FatalErrorException' with message 'Call to undefined method Illuminate\Foundation\Application::bindShared()' in /Applications/MAMP/htdocs/taha/ehda-b1/vendor/illuminate/html/HtmlServiceProvider.php:36
Stack trace:
#0 {main}  
[2016-06-16 20:48:54] local.ERROR: exception 'Symfony\Component\Console\Exception\CommandNotFoundException' with message 'Command "make" is not defined.

Did you mean one of these?
    make:controller
    make:middleware
    make:migration
    make:provider
    make:listener
    make:console
    make:request
    make:policy
    make:seeder
    make:model
    make:event
    make:test
    make:auth
    make:job' in /Applications/MAMP/htdocs/taha/ehda-b1/vendor/symfony/console/Application.php:512
Stack trace:
#0 /Applications/MAMP/htdocs/taha/ehda-b1/vendor/symfony/console/Application.php(183): Symfony\Component\Console\Application->find('make')
#1 /Applications/MAMP/htdocs/taha/ehda-b1/vendor/symfony/console/Application.php(117): Symfony\Component\Console\Application->doRun(Object(Symfony\Component\Console\Input\ArgvInput), Object(Symfony\Component\Console\Output\ConsoleOutput))
#2 /Applications/MAMP/htdocs/taha/ehda-b1/vendor/laravel/framework/src/Illuminate/Foundation/Console/Kernel.php(107): Symfony\Component\Console\Application->run(Object(Symfony\Component\Console\Input\ArgvInput), Object(Symfony\Component\Console\Output\ConsoleOutput))
#3 /Applications/MAMP/htdocs/taha/ehda-b1/artisan(36): Illuminate\Foundation\Console\Kernel->handle(Object(Symfony\Component\Console\Input\ArgvInput), Object(Symfony\Component\Console\Output\ConsoleOutput))
#4 {main}  
